<?xml version="1.0" encoding="UTF-8"?>
<!-- Generated by org.testng.reporters.JUnitXMLReporter -->
<testsuite hostname="cog-sys-065" failures="0" tests="3" name="Default test" time="212.673" errors="0" timestamp="17 Nov 2021 16:04:27 GMT">
  <testcase classname="testcases.TemplateMapping" name="addTemplateMappingValidation" time="76.634"/>
  <testcase classname="testcases.TemplateMapping" name="addTemplateMapping" time="47.921"/>
  <testcase classname="testcases.TemplateMapping" name="TrainingFeedbacklisting" time="78.593"/>
</testsuite> <!-- Default test -->
