<?xml version="1.0" encoding="UTF-8"?>
<testng-results total="87" passed="83" failed="4" skipped="0">
  <reporter-output>
  </reporter-output>
  <suite started-at="2021-12-07T06:16:54Z" name="Suite" finished-at="2021-12-07T07:53:30Z" duration-ms="5795858">
    <groups>
    </groups>
    <test started-at="2021-12-07T06:16:54Z" name="TestName" finished-at="2021-12-07T07:53:30Z" duration-ms="5795858">
      <class name="testcases.CurrencyManagement">
        <test-method is-config="true" signature="setUp()[pri:0, instance:testcases.CurrencyManagement@4f67eb2a]" started-at="2021-12-07T12:42:08Z" name="setUp" finished-at="2021-12-07T12:42:18Z" duration-ms="9861" status="PASS">
          <reporter-output>
          </reporter-output>
        </test-method> <!-- setUp -->
        <test-method is-config="true" signature="beforeMethod(java.lang.reflect.Method)[pri:0, instance:testcases.CurrencyManagement@4f67eb2a]" started-at="2021-12-07T12:42:18Z" name="beforeMethod" finished-at="2021-12-07T12:42:18Z" duration-ms="0" status="PASS">
          <params>
            <param index="0">
              <value>
                <![CDATA[public void testcases.CurrencyManagement.BasecurrencyDuplicateValidation()]]>
              </value>
            </param>
          </params>
          <reporter-output>
          </reporter-output>
        </test-method> <!-- beforeMethod -->
        <test-method signature="BasecurrencyDuplicateValidation()[pri:0, instance:testcases.CurrencyManagement@4f67eb2a]" started-at="2021-12-07T12:42:18Z" name="BasecurrencyDuplicateValidation" finished-at="2021-12-07T12:42:52Z" duration-ms="33836" status="PASS">
          <reporter-output>
          </reporter-output>
        </test-method> <!-- BasecurrencyDuplicateValidation -->
        <test-method is-config="true" signature="reportWrapUp(org.testng.ITestResult, java.lang.reflect.Method)[pri:0, instance:testcases.CurrencyManagement@4f67eb2a]" started-at="2021-12-07T12:42:52Z" name="reportWrapUp" finished-at="2021-12-07T12:42:52Z" duration-ms="0" status="PASS">
          <params>
            <param index="0">
              <value>
                <![CDATA[[TestResult name=BasecurrencyDuplicateValidation status=SUCCESS method=CurrencyManagement.BasecurrencyDuplicateValidation()[pri:0, instance:testcases.CurrencyManagement@4f67eb2a] output={null}]]]>
              </value>
            </param>
            <param index="1">
              <value>
                <![CDATA[public void testcases.CurrencyManagement.BasecurrencyDuplicateValidation()]]>
              </value>
            </param>
          </params>
          <reporter-output>
          </reporter-output>
        </test-method> <!-- reportWrapUp -->
        <test-method signature="SourcecurrencyDuplicateValidation()[pri:0, instance:testcases.CurrencyManagement@4f67eb2a]" started-at="2021-12-07T12:42:52Z" name="SourcecurrencyDuplicateValidation" finished-at="2021-12-07T12:43:47Z" duration-ms="55400" status="PASS">
          <reporter-output>
          </reporter-output>
        </test-method> <!-- SourcecurrencyDuplicateValidation -->
        <test-method is-config="true" signature="beforeMethod(java.lang.reflect.Method)[pri:0, instance:testcases.CurrencyManagement@4f67eb2a]" started-at="2021-12-07T12:42:52Z" name="beforeMethod" finished-at="2021-12-07T12:42:52Z" duration-ms="0" status="PASS">
          <params>
            <param index="0">
              <value>
                <![CDATA[public void testcases.CurrencyManagement.SourcecurrencyDuplicateValidation()]]>
              </value>
            </param>
          </params>
          <reporter-output>
          </reporter-output>
        </test-method> <!-- beforeMethod -->
        <test-method signature="addNewCurrencyAndDelete()[pri:0, instance:testcases.CurrencyManagement@4f67eb2a]" started-at="2021-12-07T12:43:47Z" name="addNewCurrencyAndDelete" finished-at="2021-12-07T12:44:40Z" duration-ms="53055" status="PASS">
          <reporter-output>
          </reporter-output>
        </test-method> <!-- addNewCurrencyAndDelete -->
        <test-method is-config="true" signature="reportWrapUp(org.testng.ITestResult, java.lang.reflect.Method)[pri:0, instance:testcases.CurrencyManagement@4f67eb2a]" started-at="2021-12-07T12:43:47Z" name="reportWrapUp" finished-at="2021-12-07T12:43:47Z" duration-ms="0" status="PASS">
          <params>
            <param index="0">
              <value>
                <![CDATA[[TestResult name=SourcecurrencyDuplicateValidation status=SUCCESS method=CurrencyManagement.SourcecurrencyDuplicateValidation()[pri:0, instance:testcases.CurrencyManagement@4f67eb2a] output={null}]]]>
              </value>
            </param>
            <param index="1">
              <value>
                <![CDATA[public void testcases.CurrencyManagement.SourcecurrencyDuplicateValidation()]]>
              </value>
            </param>
          </params>
          <reporter-output>
          </reporter-output>
        </test-method> <!-- reportWrapUp -->
        <test-method is-config="true" signature="beforeMethod(java.lang.reflect.Method)[pri:0, instance:testcases.CurrencyManagement@4f67eb2a]" started-at="2021-12-07T12:43:47Z" name="beforeMethod" finished-at="2021-12-07T12:43:47Z" duration-ms="0" status="PASS">
          <params>
            <param index="0">
              <value>
                <![CDATA[public void testcases.CurrencyManagement.addNewCurrencyAndDelete()]]>
              </value>
            </param>
          </params>
          <reporter-output>
          </reporter-output>
        </test-method> <!-- beforeMethod -->
        <test-method is-config="true" signature="reportWrapUp(org.testng.ITestResult, java.lang.reflect.Method)[pri:0, instance:testcases.CurrencyManagement@4f67eb2a]" started-at="2021-12-07T12:44:40Z" name="reportWrapUp" finished-at="2021-12-07T12:44:40Z" duration-ms="0" status="PASS">
          <params>
            <param index="0">
              <value>
                <![CDATA[[TestResult name=addNewCurrencyAndDelete status=SUCCESS method=CurrencyManagement.addNewCurrencyAndDelete()[pri:0, instance:testcases.CurrencyManagement@4f67eb2a] output={null}]]]>
              </value>
            </param>
            <param index="1">
              <value>
                <![CDATA[public void testcases.CurrencyManagement.addNewCurrencyAndDelete()]]>
              </value>
            </param>
          </params>
          <reporter-output>
          </reporter-output>
        </test-method> <!-- reportWrapUp -->
        <test-method is-config="true" signature="beforeMethod(java.lang.reflect.Method)[pri:0, instance:testcases.CurrencyManagement@4f67eb2a]" started-at="2021-12-07T12:44:40Z" name="beforeMethod" finished-at="2021-12-07T12:44:40Z" duration-ms="0" status="PASS">
          <params>
            <param index="0">
              <value>
                <![CDATA[public void testcases.CurrencyManagement.currencyValidationCheck()]]>
              </value>
            </param>
          </params>
          <reporter-output>
          </reporter-output>
        </test-method> <!-- beforeMethod -->
        <test-method signature="currencyValidationCheck()[pri:0, instance:testcases.CurrencyManagement@4f67eb2a]" started-at="2021-12-07T12:44:40Z" name="currencyValidationCheck" finished-at="2021-12-07T12:46:34Z" duration-ms="113694" status="PASS">
          <reporter-output>
          </reporter-output>
        </test-method> <!-- currencyValidationCheck -->
        <test-method is-config="true" signature="reportWrapUp(org.testng.ITestResult, java.lang.reflect.Method)[pri:0, instance:testcases.CurrencyManagement@4f67eb2a]" started-at="2021-12-07T12:46:34Z" name="reportWrapUp" finished-at="2021-12-07T12:46:34Z" duration-ms="0" status="PASS">
          <params>
            <param index="0">
              <value>
                <![CDATA[[TestResult name=currencyValidationCheck status=SUCCESS method=CurrencyManagement.currencyValidationCheck()[pri:0, instance:testcases.CurrencyManagement@4f67eb2a] output={null}]]]>
              </value>
            </param>
            <param index="1">
              <value>
                <![CDATA[public void testcases.CurrencyManagement.currencyValidationCheck()]]>
              </value>
            </param>
          </params>
          <reporter-output>
          </reporter-output>
        </test-method> <!-- reportWrapUp -->
        <test-method is-config="true" signature="closeBrowser()[pri:0, instance:testcases.CurrencyManagement@4f67eb2a]" started-at="2021-12-07T12:46:34Z" name="closeBrowser" finished-at="2021-12-07T12:46:35Z" duration-ms="742" status="PASS">
          <reporter-output>
          </reporter-output>
        </test-method> <!-- closeBrowser -->
      </class> <!-- testcases.CurrencyManagement -->
      <class name="testcases.Location">
        <test-method is-config="true" signature="setUp()[pri:0, instance:testcases.Location@68e965f5]" started-at="2021-12-07T13:01:53Z" name="setUp" finished-at="2021-12-07T13:02:03Z" duration-ms="9712" status="PASS">
          <reporter-output>
          </reporter-output>
        </test-method> <!-- setUp -->
        <test-method signature="addParentLocation()[pri:1, instance:testcases.Location@68e965f5]" started-at="2021-12-07T13:02:03Z" name="addParentLocation" finished-at="2021-12-07T13:02:40Z" duration-ms="37610" status="PASS">
          <reporter-output>
          </reporter-output>
        </test-method> <!-- addParentLocation -->
        <test-method is-config="true" signature="beforeMethod(java.lang.reflect.Method)[pri:0, instance:testcases.Location@68e965f5]" started-at="2021-12-07T13:02:03Z" name="beforeMethod" finished-at="2021-12-07T13:02:03Z" duration-ms="0" status="PASS">
          <params>
            <param index="0">
              <value>
                <![CDATA[public void testcases.Location.addParentLocation()]]>
              </value>
            </param>
          </params>
          <reporter-output>
          </reporter-output>
        </test-method> <!-- beforeMethod -->
        <test-method is-config="true" signature="beforeMethod(java.lang.reflect.Method)[pri:0, instance:testcases.Location@68e965f5]" started-at="2021-12-07T13:02:40Z" name="beforeMethod" finished-at="2021-12-07T13:02:40Z" duration-ms="0" status="PASS">
          <params>
            <param index="0">
              <value>
                <![CDATA[public void testcases.Location.addChildLocation()]]>
              </value>
            </param>
          </params>
          <reporter-output>
          </reporter-output>
        </test-method> <!-- beforeMethod -->
        <test-method signature="addChildLocation()[pri:2, instance:testcases.Location@68e965f5]" started-at="2021-12-07T13:02:40Z" name="addChildLocation" finished-at="2021-12-07T13:03:45Z" duration-ms="64966" status="PASS">
          <reporter-output>
          </reporter-output>
        </test-method> <!-- addChildLocation -->
        <test-method is-config="true" signature="reportWrapUp(org.testng.ITestResult, java.lang.reflect.Method)[pri:0, instance:testcases.Location@68e965f5]" started-at="2021-12-07T13:02:40Z" name="reportWrapUp" finished-at="2021-12-07T13:02:40Z" duration-ms="0" status="PASS">
          <params>
            <param index="0">
              <value>
                <![CDATA[[TestResult name=addParentLocation status=SUCCESS method=Location.addParentLocation()[pri:1, instance:testcases.Location@68e965f5] output={null}]]]>
              </value>
            </param>
            <param index="1">
              <value>
                <![CDATA[public void testcases.Location.addParentLocation()]]>
              </value>
            </param>
          </params>
          <reporter-output>
          </reporter-output>
        </test-method> <!-- reportWrapUp -->
        <test-method is-config="true" signature="reportWrapUp(org.testng.ITestResult, java.lang.reflect.Method)[pri:0, instance:testcases.Location@68e965f5]" started-at="2021-12-07T13:03:45Z" name="reportWrapUp" finished-at="2021-12-07T13:03:45Z" duration-ms="0" status="PASS">
          <params>
            <param index="0">
              <value>
                <![CDATA[[TestResult name=addChildLocation status=SUCCESS method=Location.addChildLocation()[pri:2, instance:testcases.Location@68e965f5] output={null}]]]>
              </value>
            </param>
            <param index="1">
              <value>
                <![CDATA[public void testcases.Location.addChildLocation()]]>
              </value>
            </param>
          </params>
          <reporter-output>
          </reporter-output>
        </test-method> <!-- reportWrapUp -->
        <test-method is-config="true" signature="beforeMethod(java.lang.reflect.Method)[pri:0, instance:testcases.Location@68e965f5]" started-at="2021-12-07T13:03:45Z" name="beforeMethod" finished-at="2021-12-07T13:03:45Z" duration-ms="0" status="PASS">
          <params>
            <param index="0">
              <value>
                <![CDATA[public void testcases.Location.editLocation()]]>
              </value>
            </param>
          </params>
          <reporter-output>
          </reporter-output>
        </test-method> <!-- beforeMethod -->
        <test-method signature="editLocation()[pri:3, instance:testcases.Location@68e965f5]" started-at="2021-12-07T13:03:45Z" name="editLocation" finished-at="2021-12-07T13:05:03Z" depends-on-methods="testcases.Location.addParentLocation" duration-ms="77146" status="PASS">
          <reporter-output>
          </reporter-output>
        </test-method> <!-- editLocation -->
        <test-method is-config="true" signature="reportWrapUp(org.testng.ITestResult, java.lang.reflect.Method)[pri:0, instance:testcases.Location@68e965f5]" started-at="2021-12-07T13:05:03Z" name="reportWrapUp" finished-at="2021-12-07T13:05:03Z" duration-ms="0" status="PASS">
          <params>
            <param index="0">
              <value>
                <![CDATA[[TestResult name=editLocation status=SUCCESS method=Location.editLocation()[pri:3, instance:testcases.Location@68e965f5] output={null}]]]>
              </value>
            </param>
            <param index="1">
              <value>
                <![CDATA[public void testcases.Location.editLocation()]]>
              </value>
            </param>
          </params>
          <reporter-output>
          </reporter-output>
        </test-method> <!-- reportWrapUp -->
        <test-method is-config="true" signature="beforeMethod(java.lang.reflect.Method)[pri:0, instance:testcases.Location@68e965f5]" started-at="2021-12-07T13:05:03Z" name="beforeMethod" finished-at="2021-12-07T13:05:03Z" duration-ms="1" status="PASS">
          <params>
            <param index="0">
              <value>
                <![CDATA[public void testcases.Location.LocationListing()]]>
              </value>
            </param>
          </params>
          <reporter-output>
          </reporter-output>
        </test-method> <!-- beforeMethod -->
        <test-method signature="LocationListing()[pri:4, instance:testcases.Location@68e965f5]" started-at="2021-12-07T13:05:03Z" name="LocationListing" finished-at="2021-12-07T13:05:55Z" depends-on-methods="testcases.Location.addParentLocation" duration-ms="52220" status="PASS">
          <reporter-output>
          </reporter-output>
        </test-method> <!-- LocationListing -->
        <test-method is-config="true" signature="closeBrowser()[pri:0, instance:testcases.Location@68e965f5]" started-at="2021-12-07T13:05:55Z" name="closeBrowser" finished-at="2021-12-07T13:05:56Z" duration-ms="729" status="PASS">
          <reporter-output>
          </reporter-output>
        </test-method> <!-- closeBrowser -->
        <test-method is-config="true" signature="reportWrapUp(org.testng.ITestResult, java.lang.reflect.Method)[pri:0, instance:testcases.Location@68e965f5]" started-at="2021-12-07T13:05:55Z" name="reportWrapUp" finished-at="2021-12-07T13:05:55Z" duration-ms="0" status="PASS">
          <params>
            <param index="0">
              <value>
                <![CDATA[[TestResult name=LocationListing status=SUCCESS method=Location.LocationListing()[pri:4, instance:testcases.Location@68e965f5] output={null}]]]>
              </value>
            </param>
            <param index="1">
              <value>
                <![CDATA[public void testcases.Location.LocationListing()]]>
              </value>
            </param>
          </params>
          <reporter-output>
          </reporter-output>
        </test-method> <!-- reportWrapUp -->
      </class> <!-- testcases.Location -->
      <class name="testcases.Break">
        <test-method is-config="true" signature="setUp()[pri:0, instance:testcases.Break@6bf0219d]" started-at="2021-12-07T11:49:02Z" name="setUp" finished-at="2021-12-07T11:49:12Z" duration-ms="9516" status="PASS">
          <reporter-output>
          </reporter-output>
        </test-method> <!-- setUp -->
        <test-method signature="AddBreakValidationCheck()[pri:1, instance:testcases.Break@6bf0219d]" started-at="2021-12-07T11:49:12Z" name="AddBreakValidationCheck" finished-at="2021-12-07T11:50:04Z" duration-ms="51866" status="PASS">
          <reporter-output>
          </reporter-output>
        </test-method> <!-- AddBreakValidationCheck -->
        <test-method is-config="true" signature="beforeMethod(java.lang.reflect.Method)[pri:0, instance:testcases.Break@6bf0219d]" started-at="2021-12-07T11:49:12Z" name="beforeMethod" finished-at="2021-12-07T11:49:12Z" duration-ms="0" status="PASS">
          <params>
            <param index="0">
              <value>
                <![CDATA[public void testcases.Break.AddBreakValidationCheck()]]>
              </value>
            </param>
          </params>
          <reporter-output>
          </reporter-output>
        </test-method> <!-- beforeMethod -->
        <test-method is-config="true" signature="reportWrapUp(org.testng.ITestResult, java.lang.reflect.Method)[pri:0, instance:testcases.Break@6bf0219d]" started-at="2021-12-07T11:50:04Z" name="reportWrapUp" finished-at="2021-12-07T11:50:04Z" duration-ms="1" status="PASS">
          <params>
            <param index="0">
              <value>
                <![CDATA[[TestResult name=AddBreakValidationCheck status=SUCCESS method=Break.AddBreakValidationCheck()[pri:1, instance:testcases.Break@6bf0219d] output={null}]]]>
              </value>
            </param>
            <param index="1">
              <value>
                <![CDATA[public void testcases.Break.AddBreakValidationCheck()]]>
              </value>
            </param>
          </params>
          <reporter-output>
          </reporter-output>
        </test-method> <!-- reportWrapUp -->
        <test-method signature="AddBreak()[pri:2, instance:testcases.Break@6bf0219d]" started-at="2021-12-07T11:50:04Z" name="AddBreak" finished-at="2021-12-07T11:51:02Z" duration-ms="57728" status="PASS">
          <reporter-output>
          </reporter-output>
        </test-method> <!-- AddBreak -->
        <test-method is-config="true" signature="beforeMethod(java.lang.reflect.Method)[pri:0, instance:testcases.Break@6bf0219d]" started-at="2021-12-07T11:50:04Z" name="beforeMethod" finished-at="2021-12-07T11:50:04Z" duration-ms="0" status="PASS">
          <params>
            <param index="0">
              <value>
                <![CDATA[public void testcases.Break.AddBreak()]]>
              </value>
            </param>
          </params>
          <reporter-output>
          </reporter-output>
        </test-method> <!-- beforeMethod -->
        <test-method is-config="true" signature="beforeMethod(java.lang.reflect.Method)[pri:0, instance:testcases.Break@6bf0219d]" started-at="2021-12-07T11:51:02Z" name="beforeMethod" finished-at="2021-12-07T11:51:02Z" duration-ms="1" status="PASS">
          <params>
            <param index="0">
              <value>
                <![CDATA[public void testcases.Break.EditBreak()]]>
              </value>
            </param>
          </params>
          <reporter-output>
          </reporter-output>
        </test-method> <!-- beforeMethod -->
        <test-method is-config="true" signature="reportWrapUp(org.testng.ITestResult, java.lang.reflect.Method)[pri:0, instance:testcases.Break@6bf0219d]" started-at="2021-12-07T11:51:02Z" name="reportWrapUp" finished-at="2021-12-07T11:51:02Z" duration-ms="0" status="PASS">
          <params>
            <param index="0">
              <value>
                <![CDATA[[TestResult name=AddBreak status=SUCCESS method=Break.AddBreak()[pri:2, instance:testcases.Break@6bf0219d] output={null}]]]>
              </value>
            </param>
            <param index="1">
              <value>
                <![CDATA[public void testcases.Break.AddBreak()]]>
              </value>
            </param>
          </params>
          <reporter-output>
          </reporter-output>
        </test-method> <!-- reportWrapUp -->
        <test-method signature="EditBreak()[pri:3, instance:testcases.Break@6bf0219d]" started-at="2021-12-07T11:51:02Z" name="EditBreak" finished-at="2021-12-07T11:51:58Z" duration-ms="56564" status="PASS">
          <reporter-output>
          </reporter-output>
        </test-method> <!-- EditBreak -->
        <test-method is-config="true" signature="reportWrapUp(org.testng.ITestResult, java.lang.reflect.Method)[pri:0, instance:testcases.Break@6bf0219d]" started-at="2021-12-07T11:51:58Z" name="reportWrapUp" finished-at="2021-12-07T11:51:58Z" duration-ms="0" status="PASS">
          <params>
            <param index="0">
              <value>
                <![CDATA[[TestResult name=EditBreak status=SUCCESS method=Break.EditBreak()[pri:3, instance:testcases.Break@6bf0219d] output={null}]]]>
              </value>
            </param>
            <param index="1">
              <value>
                <![CDATA[public void testcases.Break.EditBreak()]]>
              </value>
            </param>
          </params>
          <reporter-output>
          </reporter-output>
        </test-method> <!-- reportWrapUp -->
        <test-method is-config="true" signature="closeBrowser()[pri:0, instance:testcases.Break@6bf0219d]" started-at="2021-12-07T11:51:58Z" name="closeBrowser" finished-at="2021-12-07T11:51:59Z" duration-ms="711" status="PASS">
          <reporter-output>
          </reporter-output>
        </test-method> <!-- closeBrowser -->
      </class> <!-- testcases.Break -->
      <class name="testcases.Designation">
        <test-method is-config="true" signature="setUp()[pri:0, instance:testcases.Designation@5f683daf]" started-at="2021-12-07T12:51:11Z" name="setUp" finished-at="2021-12-07T12:51:19Z" duration-ms="8445" status="PASS">
          <reporter-output>
          </reporter-output>
        </test-method> <!-- setUp -->
        <test-method signature="addDesignationValidationCheck()[pri:1, instance:testcases.Designation@5f683daf]" started-at="2021-12-07T12:51:19Z" name="addDesignationValidationCheck" finished-at="2021-12-07T12:52:17Z" duration-ms="57935" status="PASS">
          <reporter-output>
          </reporter-output>
        </test-method> <!-- addDesignationValidationCheck -->
        <test-method is-config="true" signature="beforeMethod(java.lang.reflect.Method)[pri:0, instance:testcases.Designation@5f683daf]" started-at="2021-12-07T12:51:19Z" name="beforeMethod" finished-at="2021-12-07T12:51:19Z" duration-ms="0" status="PASS">
          <params>
            <param index="0">
              <value>
                <![CDATA[public void testcases.Designation.addDesignationValidationCheck()]]>
              </value>
            </param>
          </params>
          <reporter-output>
          </reporter-output>
        </test-method> <!-- beforeMethod -->
        <test-method is-config="true" signature="reportWrapUp(org.testng.ITestResult, java.lang.reflect.Method)[pri:0, instance:testcases.Designation@5f683daf]" started-at="2021-12-07T12:52:17Z" name="reportWrapUp" finished-at="2021-12-07T12:52:17Z" duration-ms="0" status="PASS">
          <params>
            <param index="0">
              <value>
                <![CDATA[[TestResult name=addDesignationValidationCheck status=SUCCESS method=Designation.addDesignationValidationCheck()[pri:1, instance:testcases.Designation@5f683daf] output={null}]]]>
              </value>
            </param>
            <param index="1">
              <value>
                <![CDATA[public void testcases.Designation.addDesignationValidationCheck()]]>
              </value>
            </param>
          </params>
          <reporter-output>
          </reporter-output>
        </test-method> <!-- reportWrapUp -->
        <test-method is-config="true" signature="beforeMethod(java.lang.reflect.Method)[pri:0, instance:testcases.Designation@5f683daf]" started-at="2021-12-07T12:52:17Z" name="beforeMethod" finished-at="2021-12-07T12:52:17Z" duration-ms="1" status="PASS">
          <params>
            <param index="0">
              <value>
                <![CDATA[public void testcases.Designation.addDesignation()]]>
              </value>
            </param>
          </params>
          <reporter-output>
          </reporter-output>
        </test-method> <!-- beforeMethod -->
        <test-method signature="addDesignation()[pri:2, instance:testcases.Designation@5f683daf]" started-at="2021-12-07T12:52:17Z" name="addDesignation" finished-at="2021-12-07T12:53:03Z" duration-ms="46147" status="PASS">
          <reporter-output>
          </reporter-output>
        </test-method> <!-- addDesignation -->
        <test-method is-config="true" signature="reportWrapUp(org.testng.ITestResult, java.lang.reflect.Method)[pri:0, instance:testcases.Designation@5f683daf]" started-at="2021-12-07T12:53:03Z" name="reportWrapUp" finished-at="2021-12-07T12:53:03Z" duration-ms="0" status="PASS">
          <params>
            <param index="0">
              <value>
                <![CDATA[[TestResult name=addDesignation status=SUCCESS method=Designation.addDesignation()[pri:2, instance:testcases.Designation@5f683daf] output={null}]]]>
              </value>
            </param>
            <param index="1">
              <value>
                <![CDATA[public void testcases.Designation.addDesignation()]]>
              </value>
            </param>
          </params>
          <reporter-output>
          </reporter-output>
        </test-method> <!-- reportWrapUp -->
        <test-method signature="editDesignation()[pri:3, instance:testcases.Designation@5f683daf]" started-at="2021-12-07T12:53:03Z" name="editDesignation" finished-at="2021-12-07T12:54:14Z" depends-on-methods="testcases.Designation.addDesignation" duration-ms="70700" status="PASS">
          <reporter-output>
          </reporter-output>
        </test-method> <!-- editDesignation -->
        <test-method is-config="true" signature="beforeMethod(java.lang.reflect.Method)[pri:0, instance:testcases.Designation@5f683daf]" started-at="2021-12-07T12:53:03Z" name="beforeMethod" finished-at="2021-12-07T12:53:03Z" duration-ms="0" status="PASS">
          <params>
            <param index="0">
              <value>
                <![CDATA[public void testcases.Designation.editDesignation()]]>
              </value>
            </param>
          </params>
          <reporter-output>
          </reporter-output>
        </test-method> <!-- beforeMethod -->
        <test-method is-config="true" signature="beforeMethod(java.lang.reflect.Method)[pri:0, instance:testcases.Designation@5f683daf]" started-at="2021-12-07T12:54:14Z" name="beforeMethod" finished-at="2021-12-07T12:54:14Z" duration-ms="0" status="PASS">
          <params>
            <param index="0">
              <value>
                <![CDATA[public void testcases.Designation.designationListing()]]>
              </value>
            </param>
          </params>
          <reporter-output>
          </reporter-output>
        </test-method> <!-- beforeMethod -->
        <test-method signature="designationListing()[pri:4, instance:testcases.Designation@5f683daf]" started-at="2021-12-07T12:54:14Z" name="designationListing" finished-at="2021-12-07T12:55:37Z" depends-on-methods="testcases.Designation.addDesignation" duration-ms="83146" status="PASS">
          <reporter-output>
          </reporter-output>
        </test-method> <!-- designationListing -->
        <test-method is-config="true" signature="reportWrapUp(org.testng.ITestResult, java.lang.reflect.Method)[pri:0, instance:testcases.Designation@5f683daf]" started-at="2021-12-07T12:54:14Z" name="reportWrapUp" finished-at="2021-12-07T12:54:14Z" duration-ms="0" status="PASS">
          <params>
            <param index="0">
              <value>
                <![CDATA[[TestResult name=editDesignation status=SUCCESS method=Designation.editDesignation()[pri:3, instance:testcases.Designation@5f683daf] output={null}]]]>
              </value>
            </param>
            <param index="1">
              <value>
                <![CDATA[public void testcases.Designation.editDesignation()]]>
              </value>
            </param>
          </params>
          <reporter-output>
          </reporter-output>
        </test-method> <!-- reportWrapUp -->
        <test-method is-config="true" signature="reportWrapUp(org.testng.ITestResult, java.lang.reflect.Method)[pri:0, instance:testcases.Designation@5f683daf]" started-at="2021-12-07T12:55:37Z" name="reportWrapUp" finished-at="2021-12-07T12:55:37Z" duration-ms="1" status="PASS">
          <params>
            <param index="0">
              <value>
                <![CDATA[[TestResult name=designationListing status=SUCCESS method=Designation.designationListing()[pri:4, instance:testcases.Designation@5f683daf] output={null}]]]>
              </value>
            </param>
            <param index="1">
              <value>
                <![CDATA[public void testcases.Designation.designationListing()]]>
              </value>
            </param>
          </params>
          <reporter-output>
          </reporter-output>
        </test-method> <!-- reportWrapUp -->
        <test-method is-config="true" signature="closeBrowser()[pri:0, instance:testcases.Designation@5f683daf]" started-at="2021-12-07T12:55:37Z" name="closeBrowser" finished-at="2021-12-07T12:55:38Z" duration-ms="720" status="PASS">
          <reporter-output>
          </reporter-output>
        </test-method> <!-- closeBrowser -->
      </class> <!-- testcases.Designation -->
      <class name="testcases.Question">
        <test-method is-config="true" signature="setUp()[pri:0, instance:testcases.Question@7e9131d5]" started-at="2021-12-07T13:16:21Z" name="setUp" finished-at="2021-12-07T13:16:30Z" duration-ms="9866" status="PASS">
          <reporter-output>
          </reporter-output>
        </test-method> <!-- setUp -->
        <test-method signature="addQuestion()[pri:2, instance:testcases.Question@7e9131d5]" started-at="2021-12-07T13:16:30Z" name="addQuestion" finished-at="2021-12-07T13:17:06Z" duration-ms="35452" status="PASS">
          <reporter-output>
          </reporter-output>
        </test-method> <!-- addQuestion -->
        <test-method is-config="true" signature="beforeMethod(java.lang.reflect.Method)[pri:0, instance:testcases.Question@7e9131d5]" started-at="2021-12-07T13:16:30Z" name="beforeMethod" finished-at="2021-12-07T13:16:30Z" duration-ms="0" status="PASS">
          <params>
            <param index="0">
              <value>
                <![CDATA[public void testcases.Question.addQuestion()]]>
              </value>
            </param>
          </params>
          <reporter-output>
          </reporter-output>
        </test-method> <!-- beforeMethod -->
        <test-method signature="editQuestion()[pri:3, instance:testcases.Question@7e9131d5]" started-at="2021-12-07T13:17:06Z" name="editQuestion" finished-at="2021-12-07T13:18:12Z" duration-ms="66194" status="FAIL">
          <exception class="java.lang.AssertionError">
            <message>
              <![CDATA[Question Name -  element not clickable]]>
            </message>
            <full-stacktrace>
              <![CDATA[java.lang.AssertionError: Question Name -  element not clickable
	at org.testng.Assert.fail(Assert.java:94)
	at utils.WebBasePage.click(WebBasePage.java:99)
	at pageobjects.QuestionPage.clickQuestionName(QuestionPage.java:175)
	at Action.QuestionAction.editCreatedQuestion(QuestionAction.java:56)
	at testcases.Question.editQuestion(Question.java:50)
	at java.base/jdk.internal.reflect.NativeMethodAccessorImpl.invoke0(Native Method)
	at java.base/jdk.internal.reflect.NativeMethodAccessorImpl.invoke(NativeMethodAccessorImpl.java:64)
	at java.base/jdk.internal.reflect.DelegatingMethodAccessorImpl.invoke(DelegatingMethodAccessorImpl.java:43)
	at java.base/java.lang.reflect.Method.invoke(Method.java:564)
	at org.testng.internal.MethodInvocationHelper.invokeMethod(MethodInvocationHelper.java:85)
	at org.testng.internal.Invoker.invokeMethod(Invoker.java:639)
	at org.testng.internal.Invoker.invokeTestMethod(Invoker.java:816)
	at org.testng.internal.Invoker.invokeTestMethods(Invoker.java:1124)
	at org.testng.internal.TestMethodWorker.invokeTestMethods(TestMethodWorker.java:125)
	at org.testng.internal.TestMethodWorker.run(TestMethodWorker.java:108)
	at org.testng.TestRunner.privateRun(TestRunner.java:774)
	at org.testng.TestRunner.run(TestRunner.java:624)
	at org.testng.SuiteRunner.runTest(SuiteRunner.java:359)
	at org.testng.SuiteRunner.runSequentially(SuiteRunner.java:354)
	at org.testng.SuiteRunner.privateRun(SuiteRunner.java:312)
	at org.testng.SuiteRunner.run(SuiteRunner.java:261)
	at org.testng.SuiteRunnerWorker.runSuite(SuiteRunnerWorker.java:52)
	at org.testng.SuiteRunnerWorker.run(SuiteRunnerWorker.java:86)
	at org.testng.TestNG.runSuitesSequentially(TestNG.java:1191)
	at org.testng.TestNG.runSuitesLocally(TestNG.java:1116)
	at org.testng.TestNG.run(TestNG.java:1024)
	at org.testng.remote.AbstractRemoteTestNG.run(AbstractRemoteTestNG.java:115)
	at org.testng.remote.RemoteTestNG.initAndRun(RemoteTestNG.java:251)
	at org.testng.remote.RemoteTestNG.main(RemoteTestNG.java:77)
]]>
            </full-stacktrace>
          </exception> <!-- java.lang.AssertionError -->
          <reporter-output>
          </reporter-output>
        </test-method> <!-- editQuestion -->
        <test-method is-config="true" signature="reportWrapUp(org.testng.ITestResult, java.lang.reflect.Method)[pri:0, instance:testcases.Question@7e9131d5]" started-at="2021-12-07T13:17:06Z" name="reportWrapUp" finished-at="2021-12-07T13:17:06Z" duration-ms="0" status="PASS">
          <params>
            <param index="0">
              <value>
                <![CDATA[[TestResult name=addQuestion status=SUCCESS method=Question.addQuestion()[pri:2, instance:testcases.Question@7e9131d5] output={null}]]]>
              </value>
            </param>
            <param index="1">
              <value>
                <![CDATA[public void testcases.Question.addQuestion()]]>
              </value>
            </param>
          </params>
          <reporter-output>
          </reporter-output>
        </test-method> <!-- reportWrapUp -->
        <test-method is-config="true" signature="beforeMethod(java.lang.reflect.Method)[pri:0, instance:testcases.Question@7e9131d5]" started-at="2021-12-07T13:17:06Z" name="beforeMethod" finished-at="2021-12-07T13:17:06Z" duration-ms="0" status="PASS">
          <params>
            <param index="0">
              <value>
                <![CDATA[public void testcases.Question.editQuestion()]]>
              </value>
            </param>
          </params>
          <reporter-output>
          </reporter-output>
        </test-method> <!-- beforeMethod -->
        <test-method is-config="true" signature="reportWrapUp(org.testng.ITestResult, java.lang.reflect.Method)[pri:0, instance:testcases.Question@7e9131d5]" started-at="2021-12-07T13:18:12Z" name="reportWrapUp" finished-at="2021-12-07T13:18:12Z" duration-ms="269" status="PASS">
          <params>
            <param index="0">
              <value>
                <![CDATA[[TestResult name=editQuestion status=FAILURE method=Question.editQuestion()[pri:3, instance:testcases.Question@7e9131d5] output={null}]]]>
              </value>
            </param>
            <param index="1">
              <value>
                <![CDATA[public void testcases.Question.editQuestion()]]>
              </value>
            </param>
          </params>
          <reporter-output>
          </reporter-output>
        </test-method> <!-- reportWrapUp -->
        <test-method is-config="true" signature="beforeMethod(java.lang.reflect.Method)[pri:0, instance:testcases.Question@7e9131d5]" started-at="2021-12-07T13:18:12Z" name="beforeMethod" finished-at="2021-12-07T13:18:12Z" duration-ms="0" status="PASS">
          <params>
            <param index="0">
              <value>
                <![CDATA[public void testcases.Question.priorityListing()]]>
              </value>
            </param>
          </params>
          <reporter-output>
          </reporter-output>
        </test-method> <!-- beforeMethod -->
        <test-method signature="priorityListing()[pri:4, instance:testcases.Question@7e9131d5]" started-at="2021-12-07T13:18:12Z" name="priorityListing" finished-at="2021-12-07T13:19:34Z" duration-ms="82056" status="PASS">
          <reporter-output>
          </reporter-output>
        </test-method> <!-- priorityListing -->
        <test-method is-config="true" signature="closeBrowser()[pri:0, instance:testcases.Question@7e9131d5]" started-at="2021-12-07T13:19:34Z" name="closeBrowser" finished-at="2021-12-07T13:19:35Z" duration-ms="727" status="PASS">
          <reporter-output>
          </reporter-output>
        </test-method> <!-- closeBrowser -->
        <test-method is-config="true" signature="reportWrapUp(org.testng.ITestResult, java.lang.reflect.Method)[pri:0, instance:testcases.Question@7e9131d5]" started-at="2021-12-07T13:19:34Z" name="reportWrapUp" finished-at="2021-12-07T13:19:34Z" duration-ms="0" status="PASS">
          <params>
            <param index="0">
              <value>
                <![CDATA[[TestResult name=priorityListing status=SUCCESS method=Question.priorityListing()[pri:4, instance:testcases.Question@7e9131d5] output={null}]]]>
              </value>
            </param>
            <param index="1">
              <value>
                <![CDATA[public void testcases.Question.priorityListing()]]>
              </value>
            </param>
          </params>
          <reporter-output>
          </reporter-output>
        </test-method> <!-- reportWrapUp -->
      </class> <!-- testcases.Question -->
      <class name="testcases.Announcement">
        <test-method is-config="true" signature="setUp()[pri:0, instance:testcases.Announcement@3cc1435c]" started-at="2021-12-07T11:46:54Z" name="setUp" finished-at="2021-12-07T11:47:14Z" duration-ms="20030" status="PASS">
          <reporter-output>
          </reporter-output>
        </test-method> <!-- setUp -->
        <test-method is-config="true" signature="beforeMethod(java.lang.reflect.Method)[pri:0, instance:testcases.Announcement@3cc1435c]" started-at="2021-12-07T11:47:14Z" name="beforeMethod" finished-at="2021-12-07T11:47:15Z" duration-ms="85" status="PASS">
          <params>
            <param index="0">
              <value>
                <![CDATA[public void testcases.Announcement.ValidationCheck()]]>
              </value>
            </param>
          </params>
          <reporter-output>
          </reporter-output>
        </test-method> <!-- beforeMethod -->
        <test-method signature="ValidationCheck()[pri:1, instance:testcases.Announcement@3cc1435c]" started-at="2021-12-07T11:47:15Z" name="ValidationCheck" finished-at="2021-12-07T11:48:02Z" duration-ms="47254" status="PASS">
          <reporter-output>
          </reporter-output>
        </test-method> <!-- ValidationCheck -->
        <test-method is-config="true" signature="reportWrapUp(org.testng.ITestResult, java.lang.reflect.Method)[pri:0, instance:testcases.Announcement@3cc1435c]" started-at="2021-12-07T11:48:02Z" name="reportWrapUp" finished-at="2021-12-07T11:48:02Z" duration-ms="2" status="PASS">
          <params>
            <param index="0">
              <value>
                <![CDATA[[TestResult name=ValidationCheck status=SUCCESS method=Announcement.ValidationCheck()[pri:1, instance:testcases.Announcement@3cc1435c] output={null}]]]>
              </value>
            </param>
            <param index="1">
              <value>
                <![CDATA[public void testcases.Announcement.ValidationCheck()]]>
              </value>
            </param>
          </params>
          <reporter-output>
          </reporter-output>
        </test-method> <!-- reportWrapUp -->
        <test-method signature="AddSearchDeleteAnnouncement()[pri:2, instance:testcases.Announcement@3cc1435c]" started-at="2021-12-07T11:48:02Z" name="AddSearchDeleteAnnouncement" finished-at="2021-12-07T11:49:01Z" duration-ms="59615" status="FAIL">
          <exception class="java.lang.AssertionError">
            <message>
              <![CDATA[clickCheckBox -  element not clickable]]>
            </message>
            <full-stacktrace>
              <![CDATA[java.lang.AssertionError: clickCheckBox -  element not clickable
	at org.testng.Assert.fail(Assert.java:94)
	at utils.WebBasePage.click(WebBasePage.java:99)
	at pageobjects.AnnouncementPage.SelectSingleCheckBox(AnnouncementPage.java:173)
	at Action.AnnouncementAction.AddAnnouncement(AnnouncementAction.java:47)
	at testcases.Announcement.AddSearchDeleteAnnouncement(Announcement.java:38)
	at java.base/jdk.internal.reflect.NativeMethodAccessorImpl.invoke0(Native Method)
	at java.base/jdk.internal.reflect.NativeMethodAccessorImpl.invoke(NativeMethodAccessorImpl.java:64)
	at java.base/jdk.internal.reflect.DelegatingMethodAccessorImpl.invoke(DelegatingMethodAccessorImpl.java:43)
	at java.base/java.lang.reflect.Method.invoke(Method.java:564)
	at org.testng.internal.MethodInvocationHelper.invokeMethod(MethodInvocationHelper.java:85)
	at org.testng.internal.Invoker.invokeMethod(Invoker.java:639)
	at org.testng.internal.Invoker.invokeTestMethod(Invoker.java:816)
	at org.testng.internal.Invoker.invokeTestMethods(Invoker.java:1124)
	at org.testng.internal.TestMethodWorker.invokeTestMethods(TestMethodWorker.java:125)
	at org.testng.internal.TestMethodWorker.run(TestMethodWorker.java:108)
	at org.testng.TestRunner.privateRun(TestRunner.java:774)
	at org.testng.TestRunner.run(TestRunner.java:624)
	at org.testng.SuiteRunner.runTest(SuiteRunner.java:359)
	at org.testng.SuiteRunner.runSequentially(SuiteRunner.java:354)
	at org.testng.SuiteRunner.privateRun(SuiteRunner.java:312)
	at org.testng.SuiteRunner.run(SuiteRunner.java:261)
	at org.testng.SuiteRunnerWorker.runSuite(SuiteRunnerWorker.java:52)
	at org.testng.SuiteRunnerWorker.run(SuiteRunnerWorker.java:86)
	at org.testng.TestNG.runSuitesSequentially(TestNG.java:1191)
	at org.testng.TestNG.runSuitesLocally(TestNG.java:1116)
	at org.testng.TestNG.run(TestNG.java:1024)
	at org.testng.remote.AbstractRemoteTestNG.run(AbstractRemoteTestNG.java:115)
	at org.testng.remote.RemoteTestNG.initAndRun(RemoteTestNG.java:251)
	at org.testng.remote.RemoteTestNG.main(RemoteTestNG.java:77)
]]>
            </full-stacktrace>
          </exception> <!-- java.lang.AssertionError -->
          <reporter-output>
          </reporter-output>
        </test-method> <!-- AddSearchDeleteAnnouncement -->
        <test-method is-config="true" signature="beforeMethod(java.lang.reflect.Method)[pri:0, instance:testcases.Announcement@3cc1435c]" started-at="2021-12-07T11:48:02Z" name="beforeMethod" finished-at="2021-12-07T11:48:02Z" duration-ms="0" status="PASS">
          <params>
            <param index="0">
              <value>
                <![CDATA[public void testcases.Announcement.AddSearchDeleteAnnouncement()]]>
              </value>
            </param>
          </params>
          <reporter-output>
          </reporter-output>
        </test-method> <!-- beforeMethod -->
        <test-method is-config="true" signature="reportWrapUp(org.testng.ITestResult, java.lang.reflect.Method)[pri:0, instance:testcases.Announcement@3cc1435c]" started-at="2021-12-07T11:49:01Z" name="reportWrapUp" finished-at="2021-12-07T11:49:02Z" duration-ms="251" status="PASS">
          <params>
            <param index="0">
              <value>
                <![CDATA[[TestResult name=AddSearchDeleteAnnouncement status=FAILURE method=Announcement.AddSearchDeleteAnnouncement()[pri:2, instance:testcases.Announcement@3cc1435c] output={null}]]]>
              </value>
            </param>
            <param index="1">
              <value>
                <![CDATA[public void testcases.Announcement.AddSearchDeleteAnnouncement()]]>
              </value>
            </param>
          </params>
          <reporter-output>
          </reporter-output>
        </test-method> <!-- reportWrapUp -->
        <test-method is-config="true" signature="closeBrowser()[pri:0, instance:testcases.Announcement@3cc1435c]" started-at="2021-12-07T11:49:02Z" name="closeBrowser" finished-at="2021-12-07T11:49:02Z" duration-ms="778" status="PASS">
          <reporter-output>
          </reporter-output>
        </test-method> <!-- closeBrowser -->
        <test-method is-config="true" signature="close()[pri:0, instance:testcases.Announcement@3cc1435c]" started-at="2021-12-07T13:23:30Z" name="close" finished-at="2021-12-07T13:23:31Z" duration-ms="508" status="PASS">
          <reporter-output>
          </reporter-output>
        </test-method> <!-- close -->
      </class> <!-- testcases.Announcement -->
      <class name="testcases.UserTitle">
        <test-method is-config="true" signature="setUp()[pri:0, instance:testcases.UserTitle@53aad5d5]" started-at="2021-12-07T12:29:42Z" name="setUp" finished-at="2021-12-07T12:29:51Z" duration-ms="8911" status="PASS">
          <reporter-output>
          </reporter-output>
        </test-method> <!-- setUp -->
        <test-method is-config="true" signature="beforeMethod(java.lang.reflect.Method)[pri:0, instance:testcases.UserTitle@53aad5d5]" started-at="2021-12-07T12:29:51Z" name="beforeMethod" finished-at="2021-12-07T12:29:51Z" duration-ms="0" status="PASS">
          <params>
            <param index="0">
              <value>
                <![CDATA[public void testcases.UserTitle.addUserTitle()]]>
              </value>
            </param>
          </params>
          <reporter-output>
          </reporter-output>
        </test-method> <!-- beforeMethod -->
        <test-method signature="addUserTitle()[pri:2, instance:testcases.UserTitle@53aad5d5]" started-at="2021-12-07T12:29:51Z" name="addUserTitle" finished-at="2021-12-07T12:30:22Z" duration-ms="30667" status="PASS">
          <reporter-output>
          </reporter-output>
        </test-method> <!-- addUserTitle -->
        <test-method is-config="true" signature="reportWrapUp(org.testng.ITestResult, java.lang.reflect.Method)[pri:0, instance:testcases.UserTitle@53aad5d5]" started-at="2021-12-07T12:30:22Z" name="reportWrapUp" finished-at="2021-12-07T12:30:22Z" duration-ms="0" status="PASS">
          <params>
            <param index="0">
              <value>
                <![CDATA[[TestResult name=addUserTitle status=SUCCESS method=UserTitle.addUserTitle()[pri:2, instance:testcases.UserTitle@53aad5d5] output={null}]]]>
              </value>
            </param>
            <param index="1">
              <value>
                <![CDATA[public void testcases.UserTitle.addUserTitle()]]>
              </value>
            </param>
          </params>
          <reporter-output>
          </reporter-output>
        </test-method> <!-- reportWrapUp -->
        <test-method is-config="true" signature="beforeMethod(java.lang.reflect.Method)[pri:0, instance:testcases.UserTitle@53aad5d5]" started-at="2021-12-07T12:30:22Z" name="beforeMethod" finished-at="2021-12-07T12:30:22Z" duration-ms="1" status="PASS">
          <params>
            <param index="0">
              <value>
                <![CDATA[public void testcases.UserTitle.EditUserTitle()]]>
              </value>
            </param>
          </params>
          <reporter-output>
          </reporter-output>
        </test-method> <!-- beforeMethod -->
        <test-method signature="EditUserTitle()[pri:3, instance:testcases.UserTitle@53aad5d5]" started-at="2021-12-07T12:30:22Z" name="EditUserTitle" finished-at="2021-12-07T12:31:23Z" duration-ms="60848" status="PASS">
          <reporter-output>
          </reporter-output>
        </test-method> <!-- EditUserTitle -->
        <test-method is-config="true" signature="reportWrapUp(org.testng.ITestResult, java.lang.reflect.Method)[pri:0, instance:testcases.UserTitle@53aad5d5]" started-at="2021-12-07T12:31:23Z" name="reportWrapUp" finished-at="2021-12-07T12:31:23Z" duration-ms="1" status="PASS">
          <params>
            <param index="0">
              <value>
                <![CDATA[[TestResult name=EditUserTitle status=SUCCESS method=UserTitle.EditUserTitle()[pri:3, instance:testcases.UserTitle@53aad5d5] output={null}]]]>
              </value>
            </param>
            <param index="1">
              <value>
                <![CDATA[public void testcases.UserTitle.EditUserTitle()]]>
              </value>
            </param>
          </params>
          <reporter-output>
          </reporter-output>
        </test-method> <!-- reportWrapUp -->
        <test-method signature="StageListing()[pri:4, instance:testcases.UserTitle@53aad5d5]" started-at="2021-12-07T12:31:23Z" name="StageListing" finished-at="2021-12-07T12:32:36Z" duration-ms="73702" status="PASS">
          <reporter-output>
          </reporter-output>
        </test-method> <!-- StageListing -->
        <test-method is-config="true" signature="beforeMethod(java.lang.reflect.Method)[pri:0, instance:testcases.UserTitle@53aad5d5]" started-at="2021-12-07T12:31:23Z" name="beforeMethod" finished-at="2021-12-07T12:31:23Z" duration-ms="0" status="PASS">
          <params>
            <param index="0">
              <value>
                <![CDATA[public void testcases.UserTitle.StageListing()]]>
              </value>
            </param>
          </params>
          <reporter-output>
          </reporter-output>
        </test-method> <!-- beforeMethod -->
        <test-method is-config="true" signature="reportWrapUp(org.testng.ITestResult, java.lang.reflect.Method)[pri:0, instance:testcases.UserTitle@53aad5d5]" started-at="2021-12-07T12:32:36Z" name="reportWrapUp" finished-at="2021-12-07T12:32:36Z" duration-ms="0" status="PASS">
          <params>
            <param index="0">
              <value>
                <![CDATA[[TestResult name=StageListing status=SUCCESS method=UserTitle.StageListing()[pri:4, instance:testcases.UserTitle@53aad5d5] output={null}]]]>
              </value>
            </param>
            <param index="1">
              <value>
                <![CDATA[public void testcases.UserTitle.StageListing()]]>
              </value>
            </param>
          </params>
          <reporter-output>
          </reporter-output>
        </test-method> <!-- reportWrapUp -->
        <test-method is-config="true" signature="closeBrowser()[pri:0, instance:testcases.UserTitle@53aad5d5]" started-at="2021-12-07T12:32:36Z" name="closeBrowser" finished-at="2021-12-07T12:32:37Z" duration-ms="731" status="PASS">
          <reporter-output>
          </reporter-output>
        </test-method> <!-- closeBrowser -->
      </class> <!-- testcases.UserTitle -->
      <class name="testcases.Category">
        <test-method is-config="true" signature="setUp()[pri:0, instance:testcases.Category@5552768b]" started-at="2021-12-07T11:54:53Z" name="setUp" finished-at="2021-12-07T11:55:02Z" duration-ms="9007" status="PASS">
          <reporter-output>
          </reporter-output>
        </test-method> <!-- setUp -->
        <test-method is-config="true" signature="beforeMethod(java.lang.reflect.Method)[pri:0, instance:testcases.Category@5552768b]" started-at="2021-12-07T11:55:02Z" name="beforeMethod" finished-at="2021-12-07T11:55:02Z" duration-ms="0" status="PASS">
          <params>
            <param index="0">
              <value>
                <![CDATA[public void testcases.Category.addCategory()]]>
              </value>
            </param>
          </params>
          <reporter-output>
          </reporter-output>
        </test-method> <!-- beforeMethod -->
        <test-method signature="addCategory()[pri:0, instance:testcases.Category@5552768b]" started-at="2021-12-07T11:55:02Z" name="addCategory" finished-at="2021-12-07T11:55:32Z" duration-ms="30035" status="PASS">
          <reporter-output>
          </reporter-output>
        </test-method> <!-- addCategory -->
        <test-method is-config="true" signature="reportWrapUp(org.testng.ITestResult, java.lang.reflect.Method)[pri:0, instance:testcases.Category@5552768b]" started-at="2021-12-07T11:55:32Z" name="reportWrapUp" finished-at="2021-12-07T11:55:32Z" duration-ms="0" status="PASS">
          <params>
            <param index="0">
              <value>
                <![CDATA[[TestResult name=addCategory status=SUCCESS method=Category.addCategory()[pri:0, instance:testcases.Category@5552768b] output={null}]]]>
              </value>
            </param>
            <param index="1">
              <value>
                <![CDATA[public void testcases.Category.addCategory()]]>
              </value>
            </param>
          </params>
          <reporter-output>
          </reporter-output>
        </test-method> <!-- reportWrapUp -->
        <test-method signature="addCategoryValidationCheck()[pri:0, instance:testcases.Category@5552768b]" started-at="2021-12-07T11:55:32Z" name="addCategoryValidationCheck" finished-at="2021-12-07T11:56:18Z" duration-ms="46481" status="PASS">
          <reporter-output>
          </reporter-output>
        </test-method> <!-- addCategoryValidationCheck -->
        <test-method is-config="true" signature="beforeMethod(java.lang.reflect.Method)[pri:0, instance:testcases.Category@5552768b]" started-at="2021-12-07T11:55:32Z" name="beforeMethod" finished-at="2021-12-07T11:55:32Z" duration-ms="0" status="PASS">
          <params>
            <param index="0">
              <value>
                <![CDATA[public void testcases.Category.addCategoryValidationCheck()]]>
              </value>
            </param>
          </params>
          <reporter-output>
          </reporter-output>
        </test-method> <!-- beforeMethod -->
        <test-method is-config="true" signature="reportWrapUp(org.testng.ITestResult, java.lang.reflect.Method)[pri:0, instance:testcases.Category@5552768b]" started-at="2021-12-07T11:56:18Z" name="reportWrapUp" finished-at="2021-12-07T11:56:18Z" duration-ms="0" status="PASS">
          <params>
            <param index="0">
              <value>
                <![CDATA[[TestResult name=addCategoryValidationCheck status=SUCCESS method=Category.addCategoryValidationCheck()[pri:0, instance:testcases.Category@5552768b] output={null}]]]>
              </value>
            </param>
            <param index="1">
              <value>
                <![CDATA[public void testcases.Category.addCategoryValidationCheck()]]>
              </value>
            </param>
          </params>
          <reporter-output>
          </reporter-output>
        </test-method> <!-- reportWrapUp -->
        <test-method is-config="true" signature="beforeMethod(java.lang.reflect.Method)[pri:0, instance:testcases.Category@5552768b]" started-at="2021-12-07T11:56:18Z" name="beforeMethod" finished-at="2021-12-07T11:56:18Z" duration-ms="0" status="PASS">
          <params>
            <param index="0">
              <value>
                <![CDATA[public void testcases.Category.CategoryListing()]]>
              </value>
            </param>
          </params>
          <reporter-output>
          </reporter-output>
        </test-method> <!-- beforeMethod -->
        <test-method signature="CategoryListing()[pri:0, instance:testcases.Category@5552768b]" started-at="2021-12-07T11:56:18Z" name="CategoryListing" finished-at="2021-12-07T11:57:32Z" depends-on-methods="testcases.Category.addCategory" duration-ms="73678" status="PASS">
          <reporter-output>
          </reporter-output>
        </test-method> <!-- CategoryListing -->
        <test-method is-config="true" signature="beforeMethod(java.lang.reflect.Method)[pri:0, instance:testcases.Category@5552768b]" started-at="2021-12-07T11:57:32Z" name="beforeMethod" finished-at="2021-12-07T11:57:32Z" duration-ms="0" status="PASS">
          <params>
            <param index="0">
              <value>
                <![CDATA[public void testcases.Category.editCategory()]]>
              </value>
            </param>
          </params>
          <reporter-output>
          </reporter-output>
        </test-method> <!-- beforeMethod -->
        <test-method is-config="true" signature="reportWrapUp(org.testng.ITestResult, java.lang.reflect.Method)[pri:0, instance:testcases.Category@5552768b]" started-at="2021-12-07T11:57:32Z" name="reportWrapUp" finished-at="2021-12-07T11:57:32Z" duration-ms="0" status="PASS">
          <params>
            <param index="0">
              <value>
                <![CDATA[[TestResult name=CategoryListing status=SUCCESS method=Category.CategoryListing()[pri:0, instance:testcases.Category@5552768b] output={null}]]]>
              </value>
            </param>
            <param index="1">
              <value>
                <![CDATA[public void testcases.Category.CategoryListing()]]>
              </value>
            </param>
          </params>
          <reporter-output>
          </reporter-output>
        </test-method> <!-- reportWrapUp -->
        <test-method signature="editCategory()[pri:0, instance:testcases.Category@5552768b]" started-at="2021-12-07T11:57:32Z" name="editCategory" finished-at="2021-12-07T11:58:30Z" depends-on-methods="testcases.Category.addCategory" duration-ms="57928" status="PASS">
          <reporter-output>
          </reporter-output>
        </test-method> <!-- editCategory -->
        <test-method is-config="true" signature="reportWrapUp(org.testng.ITestResult, java.lang.reflect.Method)[pri:0, instance:testcases.Category@5552768b]" started-at="2021-12-07T11:58:30Z" name="reportWrapUp" finished-at="2021-12-07T11:58:30Z" duration-ms="1" status="PASS">
          <params>
            <param index="0">
              <value>
                <![CDATA[[TestResult name=editCategory status=SUCCESS method=Category.editCategory()[pri:0, instance:testcases.Category@5552768b] output={null}]]]>
              </value>
            </param>
            <param index="1">
              <value>
                <![CDATA[public void testcases.Category.editCategory()]]>
              </value>
            </param>
          </params>
          <reporter-output>
          </reporter-output>
        </test-method> <!-- reportWrapUp -->
        <test-method is-config="true" signature="closeBrowser()[pri:0, instance:testcases.Category@5552768b]" started-at="2021-12-07T11:58:30Z" name="closeBrowser" finished-at="2021-12-07T11:58:31Z" duration-ms="1032" status="PASS">
          <reporter-output>
          </reporter-output>
        </test-method> <!-- closeBrowser -->
      </class> <!-- testcases.Category -->
      <class name="testcases.Greeting">
        <test-method is-config="true" signature="setUp()[pri:0, instance:testcases.Greeting@8317c52]" started-at="2021-12-07T12:55:38Z" name="setUp" finished-at="2021-12-07T12:55:47Z" duration-ms="9193" status="PASS">
          <reporter-output>
          </reporter-output>
        </test-method> <!-- setUp -->
        <test-method signature="validationCheck()[pri:1, instance:testcases.Greeting@8317c52]" started-at="2021-12-07T12:55:47Z" name="validationCheck" finished-at="2021-12-07T12:56:14Z" duration-ms="27160" status="PASS">
          <reporter-output>
          </reporter-output>
        </test-method> <!-- validationCheck -->
        <test-method is-config="true" signature="beforeMethod(java.lang.reflect.Method)[pri:0, instance:testcases.Greeting@8317c52]" started-at="2021-12-07T12:55:47Z" name="beforeMethod" finished-at="2021-12-07T12:55:47Z" duration-ms="0" status="PASS">
          <params>
            <param index="0">
              <value>
                <![CDATA[public void testcases.Greeting.validationCheck()]]>
              </value>
            </param>
          </params>
          <reporter-output>
          </reporter-output>
        </test-method> <!-- beforeMethod -->
        <test-method is-config="true" signature="beforeMethod(java.lang.reflect.Method)[pri:0, instance:testcases.Greeting@8317c52]" started-at="2021-12-07T12:56:14Z" name="beforeMethod" finished-at="2021-12-07T12:56:14Z" duration-ms="1" status="PASS">
          <params>
            <param index="0">
              <value>
                <![CDATA[public void testcases.Greeting.addGreeting()]]>
              </value>
            </param>
          </params>
          <reporter-output>
          </reporter-output>
        </test-method> <!-- beforeMethod -->
        <test-method is-config="true" signature="reportWrapUp(org.testng.ITestResult, java.lang.reflect.Method)[pri:0, instance:testcases.Greeting@8317c52]" started-at="2021-12-07T12:56:14Z" name="reportWrapUp" finished-at="2021-12-07T12:56:14Z" duration-ms="0" status="PASS">
          <params>
            <param index="0">
              <value>
                <![CDATA[[TestResult name=validationCheck status=SUCCESS method=Greeting.validationCheck()[pri:1, instance:testcases.Greeting@8317c52] output={null}]]]>
              </value>
            </param>
            <param index="1">
              <value>
                <![CDATA[public void testcases.Greeting.validationCheck()]]>
              </value>
            </param>
          </params>
          <reporter-output>
          </reporter-output>
        </test-method> <!-- reportWrapUp -->
        <test-method signature="addGreeting()[pri:2, instance:testcases.Greeting@8317c52]" started-at="2021-12-07T12:56:14Z" name="addGreeting" finished-at="2021-12-07T12:57:26Z" duration-ms="72015" status="PASS">
          <reporter-output>
          </reporter-output>
        </test-method> <!-- addGreeting -->
        <test-method is-config="true" signature="reportWrapUp(org.testng.ITestResult, java.lang.reflect.Method)[pri:0, instance:testcases.Greeting@8317c52]" started-at="2021-12-07T12:57:26Z" name="reportWrapUp" finished-at="2021-12-07T12:57:26Z" duration-ms="0" status="PASS">
          <params>
            <param index="0">
              <value>
                <![CDATA[[TestResult name=addGreeting status=SUCCESS method=Greeting.addGreeting()[pri:2, instance:testcases.Greeting@8317c52] output={null}]]]>
              </value>
            </param>
            <param index="1">
              <value>
                <![CDATA[public void testcases.Greeting.addGreeting()]]>
              </value>
            </param>
          </params>
          <reporter-output>
          </reporter-output>
        </test-method> <!-- reportWrapUp -->
        <test-method is-config="true" signature="closeBrowser()[pri:0, instance:testcases.Greeting@8317c52]" started-at="2021-12-07T12:57:26Z" name="closeBrowser" finished-at="2021-12-07T12:57:27Z" duration-ms="685" status="PASS">
          <reporter-output>
          </reporter-output>
        </test-method> <!-- closeBrowser -->
      </class> <!-- testcases.Greeting -->
      <class name="testcases.Priority">
        <test-method is-config="true" signature="setUp()[pri:0, instance:testcases.Priority@2cdd0d4b]" started-at="2021-12-07T13:12:40Z" name="setUp" finished-at="2021-12-07T13:12:49Z" duration-ms="8882" status="PASS">
          <reporter-output>
          </reporter-output>
        </test-method> <!-- setUp -->
        <test-method is-config="true" signature="beforeMethod(java.lang.reflect.Method)[pri:0, instance:testcases.Priority@2cdd0d4b]" started-at="2021-12-07T13:12:49Z" name="beforeMethod" finished-at="2021-12-07T13:12:49Z" duration-ms="0" status="PASS">
          <params>
            <param index="0">
              <value>
                <![CDATA[public void testcases.Priority.validationCheck()]]>
              </value>
            </param>
          </params>
          <reporter-output>
          </reporter-output>
        </test-method> <!-- beforeMethod -->
        <test-method signature="validationCheck()[pri:1, instance:testcases.Priority@2cdd0d4b]" started-at="2021-12-07T13:12:49Z" name="validationCheck" finished-at="2021-12-07T13:13:23Z" duration-ms="34353" status="PASS">
          <reporter-output>
          </reporter-output>
        </test-method> <!-- validationCheck -->
        <test-method is-config="true" signature="beforeMethod(java.lang.reflect.Method)[pri:0, instance:testcases.Priority@2cdd0d4b]" started-at="2021-12-07T13:13:23Z" name="beforeMethod" finished-at="2021-12-07T13:13:23Z" duration-ms="0" status="PASS">
          <params>
            <param index="0">
              <value>
                <![CDATA[public void testcases.Priority.addPriority()]]>
              </value>
            </param>
          </params>
          <reporter-output>
          </reporter-output>
        </test-method> <!-- beforeMethod -->
        <test-method is-config="true" signature="reportWrapUp(org.testng.ITestResult, java.lang.reflect.Method)[pri:0, instance:testcases.Priority@2cdd0d4b]" started-at="2021-12-07T13:13:23Z" name="reportWrapUp" finished-at="2021-12-07T13:13:23Z" duration-ms="0" status="PASS">
          <params>
            <param index="0">
              <value>
                <![CDATA[[TestResult name=validationCheck status=SUCCESS method=Priority.validationCheck()[pri:1, instance:testcases.Priority@2cdd0d4b] output={null}]]]>
              </value>
            </param>
            <param index="1">
              <value>
                <![CDATA[public void testcases.Priority.validationCheck()]]>
              </value>
            </param>
          </params>
          <reporter-output>
          </reporter-output>
        </test-method> <!-- reportWrapUp -->
        <test-method signature="addPriority()[pri:2, instance:testcases.Priority@2cdd0d4b]" started-at="2021-12-07T13:13:23Z" name="addPriority" finished-at="2021-12-07T13:14:07Z" duration-ms="44245" status="PASS">
          <reporter-output>
          </reporter-output>
        </test-method> <!-- addPriority -->
        <test-method is-config="true" signature="beforeMethod(java.lang.reflect.Method)[pri:0, instance:testcases.Priority@2cdd0d4b]" started-at="2021-12-07T13:14:07Z" name="beforeMethod" finished-at="2021-12-07T13:14:07Z" duration-ms="0" status="PASS">
          <params>
            <param index="0">
              <value>
                <![CDATA[public void testcases.Priority.editPriority()]]>
              </value>
            </param>
          </params>
          <reporter-output>
          </reporter-output>
        </test-method> <!-- beforeMethod -->
        <test-method signature="editPriority()[pri:3, instance:testcases.Priority@2cdd0d4b]" started-at="2021-12-07T13:14:07Z" name="editPriority" finished-at="2021-12-07T13:15:06Z" duration-ms="58174" status="PASS">
          <reporter-output>
          </reporter-output>
        </test-method> <!-- editPriority -->
        <test-method is-config="true" signature="reportWrapUp(org.testng.ITestResult, java.lang.reflect.Method)[pri:0, instance:testcases.Priority@2cdd0d4b]" started-at="2021-12-07T13:14:07Z" name="reportWrapUp" finished-at="2021-12-07T13:14:07Z" duration-ms="0" status="PASS">
          <params>
            <param index="0">
              <value>
                <![CDATA[[TestResult name=addPriority status=SUCCESS method=Priority.addPriority()[pri:2, instance:testcases.Priority@2cdd0d4b] output={null}]]]>
              </value>
            </param>
            <param index="1">
              <value>
                <![CDATA[public void testcases.Priority.addPriority()]]>
              </value>
            </param>
          </params>
          <reporter-output>
          </reporter-output>
        </test-method> <!-- reportWrapUp -->
        <test-method signature="priorityListing()[pri:4, instance:testcases.Priority@2cdd0d4b]" started-at="2021-12-07T13:15:06Z" name="priorityListing" finished-at="2021-12-07T13:16:20Z" duration-ms="74108" status="PASS">
          <reporter-output>
          </reporter-output>
        </test-method> <!-- priorityListing -->
        <test-method is-config="true" signature="beforeMethod(java.lang.reflect.Method)[pri:0, instance:testcases.Priority@2cdd0d4b]" started-at="2021-12-07T13:15:06Z" name="beforeMethod" finished-at="2021-12-07T13:15:06Z" duration-ms="0" status="PASS">
          <params>
            <param index="0">
              <value>
                <![CDATA[public void testcases.Priority.priorityListing()]]>
              </value>
            </param>
          </params>
          <reporter-output>
          </reporter-output>
        </test-method> <!-- beforeMethod -->
        <test-method is-config="true" signature="reportWrapUp(org.testng.ITestResult, java.lang.reflect.Method)[pri:0, instance:testcases.Priority@2cdd0d4b]" started-at="2021-12-07T13:15:06Z" name="reportWrapUp" finished-at="2021-12-07T13:15:06Z" duration-ms="0" status="PASS">
          <params>
            <param index="0">
              <value>
                <![CDATA[[TestResult name=editPriority status=SUCCESS method=Priority.editPriority()[pri:3, instance:testcases.Priority@2cdd0d4b] output={null}]]]>
              </value>
            </param>
            <param index="1">
              <value>
                <![CDATA[public void testcases.Priority.editPriority()]]>
              </value>
            </param>
          </params>
          <reporter-output>
          </reporter-output>
        </test-method> <!-- reportWrapUp -->
        <test-method is-config="true" signature="reportWrapUp(org.testng.ITestResult, java.lang.reflect.Method)[pri:0, instance:testcases.Priority@2cdd0d4b]" started-at="2021-12-07T13:16:20Z" name="reportWrapUp" finished-at="2021-12-07T13:16:20Z" duration-ms="0" status="PASS">
          <params>
            <param index="0">
              <value>
                <![CDATA[[TestResult name=priorityListing status=SUCCESS method=Priority.priorityListing()[pri:4, instance:testcases.Priority@2cdd0d4b] output={null}]]]>
              </value>
            </param>
            <param index="1">
              <value>
                <![CDATA[public void testcases.Priority.priorityListing()]]>
              </value>
            </param>
          </params>
          <reporter-output>
          </reporter-output>
        </test-method> <!-- reportWrapUp -->
        <test-method is-config="true" signature="closeBrowser()[pri:0, instance:testcases.Priority@2cdd0d4b]" started-at="2021-12-07T13:16:20Z" name="closeBrowser" finished-at="2021-12-07T13:16:21Z" duration-ms="760" status="PASS">
          <reporter-output>
          </reporter-output>
        </test-method> <!-- closeBrowser -->
      </class> <!-- testcases.Priority -->
      <class name="testcases.Channel">
        <test-method is-config="true" signature="setUp()[pri:0, instance:testcases.Channel@3c947bc5]" started-at="2021-12-07T11:58:31Z" name="setUp" finished-at="2021-12-07T11:58:39Z" duration-ms="8552" status="PASS">
          <reporter-output>
          </reporter-output>
        </test-method> <!-- setUp -->
        <test-method is-config="true" signature="beforeMethod(java.lang.reflect.Method)[pri:0, instance:testcases.Channel@3c947bc5]" started-at="2021-12-07T11:58:39Z" name="beforeMethod" finished-at="2021-12-07T11:58:39Z" duration-ms="1" status="PASS">
          <params>
            <param index="0">
              <value>
                <![CDATA[public void testcases.Channel.validationCheck()]]>
              </value>
            </param>
          </params>
          <reporter-output>
          </reporter-output>
        </test-method> <!-- beforeMethod -->
        <test-method signature="validationCheck()[pri:1, instance:testcases.Channel@3c947bc5]" started-at="2021-12-07T11:58:39Z" name="validationCheck" finished-at="2021-12-07T11:59:13Z" duration-ms="33764" status="PASS">
          <reporter-output>
          </reporter-output>
        </test-method> <!-- validationCheck -->
        <test-method is-config="true" signature="reportWrapUp(org.testng.ITestResult, java.lang.reflect.Method)[pri:0, instance:testcases.Channel@3c947bc5]" started-at="2021-12-07T11:59:13Z" name="reportWrapUp" finished-at="2021-12-07T11:59:13Z" duration-ms="0" status="PASS">
          <params>
            <param index="0">
              <value>
                <![CDATA[[TestResult name=validationCheck status=SUCCESS method=Channel.validationCheck()[pri:1, instance:testcases.Channel@3c947bc5] output={null}]]]>
              </value>
            </param>
            <param index="1">
              <value>
                <![CDATA[public void testcases.Channel.validationCheck()]]>
              </value>
            </param>
          </params>
          <reporter-output>
          </reporter-output>
        </test-method> <!-- reportWrapUp -->
        <test-method signature="addChannel()[pri:2, instance:testcases.Channel@3c947bc5]" started-at="2021-12-07T11:59:13Z" name="addChannel" finished-at="2021-12-07T11:59:58Z" duration-ms="44933" status="PASS">
          <reporter-output>
          </reporter-output>
        </test-method> <!-- addChannel -->
        <test-method is-config="true" signature="beforeMethod(java.lang.reflect.Method)[pri:0, instance:testcases.Channel@3c947bc5]" started-at="2021-12-07T11:59:13Z" name="beforeMethod" finished-at="2021-12-07T11:59:13Z" duration-ms="0" status="PASS">
          <params>
            <param index="0">
              <value>
                <![CDATA[public void testcases.Channel.addChannel()]]>
              </value>
            </param>
          </params>
          <reporter-output>
          </reporter-output>
        </test-method> <!-- beforeMethod -->
        <test-method is-config="true" signature="reportWrapUp(org.testng.ITestResult, java.lang.reflect.Method)[pri:0, instance:testcases.Channel@3c947bc5]" started-at="2021-12-07T11:59:58Z" name="reportWrapUp" finished-at="2021-12-07T11:59:58Z" duration-ms="0" status="PASS">
          <params>
            <param index="0">
              <value>
                <![CDATA[[TestResult name=addChannel status=SUCCESS method=Channel.addChannel()[pri:2, instance:testcases.Channel@3c947bc5] output={null}]]]>
              </value>
            </param>
            <param index="1">
              <value>
                <![CDATA[public void testcases.Channel.addChannel()]]>
              </value>
            </param>
          </params>
          <reporter-output>
          </reporter-output>
        </test-method> <!-- reportWrapUp -->
        <test-method is-config="true" signature="beforeMethod(java.lang.reflect.Method)[pri:0, instance:testcases.Channel@3c947bc5]" started-at="2021-12-07T11:59:58Z" name="beforeMethod" finished-at="2021-12-07T11:59:58Z" duration-ms="0" status="PASS">
          <params>
            <param index="0">
              <value>
                <![CDATA[public void testcases.Channel.editChannel()]]>
              </value>
            </param>
          </params>
          <reporter-output>
          </reporter-output>
        </test-method> <!-- beforeMethod -->
        <test-method signature="editChannel()[pri:3, instance:testcases.Channel@3c947bc5]" started-at="2021-12-07T11:59:58Z" name="editChannel" finished-at="2021-12-07T12:00:57Z" depends-on-methods="testcases.Channel.addChannel" duration-ms="59144" status="PASS">
          <reporter-output>
          </reporter-output>
        </test-method> <!-- editChannel -->
        <test-method is-config="true" signature="beforeMethod(java.lang.reflect.Method)[pri:0, instance:testcases.Channel@3c947bc5]" started-at="2021-12-07T12:00:57Z" name="beforeMethod" finished-at="2021-12-07T12:00:57Z" duration-ms="1" status="PASS">
          <params>
            <param index="0">
              <value>
                <![CDATA[public void testcases.Channel.channellisting()]]>
              </value>
            </param>
          </params>
          <reporter-output>
          </reporter-output>
        </test-method> <!-- beforeMethod -->
        <test-method is-config="true" signature="reportWrapUp(org.testng.ITestResult, java.lang.reflect.Method)[pri:0, instance:testcases.Channel@3c947bc5]" started-at="2021-12-07T12:00:57Z" name="reportWrapUp" finished-at="2021-12-07T12:00:57Z" duration-ms="0" status="PASS">
          <params>
            <param index="0">
              <value>
                <![CDATA[[TestResult name=editChannel status=SUCCESS method=Channel.editChannel()[pri:3, instance:testcases.Channel@3c947bc5] output={null}]]]>
              </value>
            </param>
            <param index="1">
              <value>
                <![CDATA[public void testcases.Channel.editChannel()]]>
              </value>
            </param>
          </params>
          <reporter-output>
          </reporter-output>
        </test-method> <!-- reportWrapUp -->
        <test-method signature="channellisting()[pri:4, instance:testcases.Channel@3c947bc5]" started-at="2021-12-07T12:00:57Z" name="channellisting" finished-at="2021-12-07T12:02:13Z" depends-on-methods="testcases.Channel.addChannel" duration-ms="76019" status="PASS">
          <reporter-output>
          </reporter-output>
        </test-method> <!-- channellisting -->
        <test-method is-config="true" signature="reportWrapUp(org.testng.ITestResult, java.lang.reflect.Method)[pri:0, instance:testcases.Channel@3c947bc5]" started-at="2021-12-07T12:02:13Z" name="reportWrapUp" finished-at="2021-12-07T12:02:13Z" duration-ms="1" status="PASS">
          <params>
            <param index="0">
              <value>
                <![CDATA[[TestResult name=channellisting status=SUCCESS method=Channel.channellisting()[pri:4, instance:testcases.Channel@3c947bc5] output={null}]]]>
              </value>
            </param>
            <param index="1">
              <value>
                <![CDATA[public void testcases.Channel.channellisting()]]>
              </value>
            </param>
          </params>
          <reporter-output>
          </reporter-output>
        </test-method> <!-- reportWrapUp -->
        <test-method is-config="true" signature="closeBrowser()[pri:0, instance:testcases.Channel@3c947bc5]" started-at="2021-12-07T12:02:13Z" name="closeBrowser" finished-at="2021-12-07T12:02:14Z" duration-ms="766" status="PASS">
          <reporter-output>
          </reporter-output>
        </test-method> <!-- closeBrowser -->
      </class> <!-- testcases.Channel -->
      <class name="testcases.LoginAuthorization">
        <test-method is-config="true" signature="setUp()[pri:0, instance:testcases.LoginAuthorization@46fa7c39]" started-at="2021-12-07T12:32:37Z" name="setUp" finished-at="2021-12-07T12:32:47Z" duration-ms="10246" status="PASS">
          <reporter-output>
          </reporter-output>
        </test-method> <!-- setUp -->
[...]
          <params>
            <param index="0">
              <value>
                <![CDATA[[TestResult name=addPhase status=SUCCESS method=Phase.addPhase()[pri:2, instance:testcases.Phase@f381794] output={null}]]]>
              </value>
            </param>
            <param index="1">
              <value>
                <![CDATA[public void testcases.Phase.addPhase()]]>
              </value>
            </param>
          </params>
          <reporter-output>
          </reporter-output>
        </test-method> <!-- reportWrapUp -->
        <test-method signature="editPhase()[pri:3, instance:testcases.Phase@f381794]" started-at="2021-12-07T13:10:09Z" name="editPhase" finished-at="2021-12-07T13:11:10Z" duration-ms="61337" status="PASS">
          <reporter-output>
          </reporter-output>
        </test-method> <!-- editPhase -->
        <test-method is-config="true" signature="beforeMethod(java.lang.reflect.Method)[pri:0, instance:testcases.Phase@f381794]" started-at="2021-12-07T13:10:09Z" name="beforeMethod" finished-at="2021-12-07T13:10:09Z" duration-ms="0" status="PASS">
          <params>
            <param index="0">
              <value>
                <![CDATA[public void testcases.Phase.editPhase()]]>
              </value>
            </param>
          </params>
          <reporter-output>
          </reporter-output>
        </test-method> <!-- beforeMethod -->
        <test-method is-config="true" signature="reportWrapUp(org.testng.ITestResult, java.lang.reflect.Method)[pri:0, instance:testcases.Phase@f381794]" started-at="2021-12-07T13:11:10Z" name="reportWrapUp" finished-at="2021-12-07T13:11:10Z" duration-ms="0" status="PASS">
          <params>
            <param index="0">
              <value>
                <![CDATA[[TestResult name=editPhase status=SUCCESS method=Phase.editPhase()[pri:3, instance:testcases.Phase@f381794] output={null}]]]>
              </value>
            </param>
            <param index="1">
              <value>
                <![CDATA[public void testcases.Phase.editPhase()]]>
              </value>
            </param>
          </params>
          <reporter-output>
          </reporter-output>
        </test-method> <!-- reportWrapUp -->
        <test-method is-config="true" signature="beforeMethod(java.lang.reflect.Method)[pri:0, instance:testcases.Phase@f381794]" started-at="2021-12-07T13:11:10Z" name="beforeMethod" finished-at="2021-12-07T13:11:10Z" duration-ms="0" status="PASS">
          <params>
            <param index="0">
              <value>
                <![CDATA[public void testcases.Phase.phaseListing()]]>
              </value>
            </param>
          </params>
          <reporter-output>
          </reporter-output>
        </test-method> <!-- beforeMethod -->
        <test-method signature="phaseListing()[pri:4, instance:testcases.Phase@f381794]" started-at="2021-12-07T13:11:10Z" name="phaseListing" finished-at="2021-12-07T13:12:39Z" duration-ms="89113" status="PASS">
          <reporter-output>
          </reporter-output>
        </test-method> <!-- phaseListing -->
        <test-method is-config="true" signature="closeBrowser()[pri:0, instance:testcases.Phase@f381794]" started-at="2021-12-07T13:12:39Z" name="closeBrowser" finished-at="2021-12-07T13:12:40Z" duration-ms="695" status="PASS">
          <reporter-output>
          </reporter-output>
        </test-method> <!-- closeBrowser -->
        <test-method is-config="true" signature="reportWrapUp(org.testng.ITestResult, java.lang.reflect.Method)[pri:0, instance:testcases.Phase@f381794]" started-at="2021-12-07T13:12:39Z" name="reportWrapUp" finished-at="2021-12-07T13:12:39Z" duration-ms="0" status="PASS">
          <params>
            <param index="0">
              <value>
                <![CDATA[[TestResult name=phaseListing status=SUCCESS method=Phase.phaseListing()[pri:4, instance:testcases.Phase@f381794] output={null}]]]>
              </value>
            </param>
            <param index="1">
              <value>
                <![CDATA[public void testcases.Phase.phaseListing()]]>
              </value>
            </param>
          </params>
          <reporter-output>
          </reporter-output>
        </test-method> <!-- reportWrapUp -->
      </class> <!-- testcases.Phase -->
      <class name="testcases.Department">
        <test-method is-config="true" signature="setUp()[pri:0, instance:testcases.Department@4a668b6e]" started-at="2021-12-07T12:46:35Z" name="setUp" finished-at="2021-12-07T12:46:44Z" duration-ms="9741" status="PASS">
          <reporter-output>
          </reporter-output>
        </test-method> <!-- setUp -->
        <test-method is-config="true" signature="beforeMethod(java.lang.reflect.Method)[pri:0, instance:testcases.Department@4a668b6e]" started-at="2021-12-07T12:46:44Z" name="beforeMethod" finished-at="2021-12-07T12:46:44Z" duration-ms="1" status="PASS">
          <params>
            <param index="0">
              <value>
                <![CDATA[public void testcases.Department.addDepartmentValidationCheck()]]>
              </value>
            </param>
          </params>
          <reporter-output>
          </reporter-output>
        </test-method> <!-- beforeMethod -->
        <test-method signature="addDepartmentValidationCheck()[pri:1, instance:testcases.Department@4a668b6e]" started-at="2021-12-07T12:46:44Z" name="addDepartmentValidationCheck" finished-at="2021-12-07T12:48:07Z" duration-ms="82444" status="PASS">
          <reporter-output>
          </reporter-output>
        </test-method> <!-- addDepartmentValidationCheck -->
        <test-method is-config="true" signature="reportWrapUp(org.testng.ITestResult, java.lang.reflect.Method)[pri:0, instance:testcases.Department@4a668b6e]" started-at="2021-12-07T12:48:07Z" name="reportWrapUp" finished-at="2021-12-07T12:48:07Z" duration-ms="1" status="PASS">
          <params>
            <param index="0">
              <value>
                <![CDATA[[TestResult name=addDepartmentValidationCheck status=SUCCESS method=Department.addDepartmentValidationCheck()[pri:1, instance:testcases.Department@4a668b6e] output={null}]]]>
              </value>
            </param>
            <param index="1">
              <value>
                <![CDATA[public void testcases.Department.addDepartmentValidationCheck()]]>
              </value>
            </param>
          </params>
          <reporter-output>
          </reporter-output>
        </test-method> <!-- reportWrapUp -->
        <test-method signature="addDepartment()[pri:2, instance:testcases.Department@4a668b6e]" started-at="2021-12-07T12:48:07Z" name="addDepartment" finished-at="2021-12-07T12:49:07Z" duration-ms="60018" status="PASS">
          <reporter-output>
          </reporter-output>
        </test-method> <!-- addDepartment -->
        <test-method is-config="true" signature="beforeMethod(java.lang.reflect.Method)[pri:0, instance:testcases.Department@4a668b6e]" started-at="2021-12-07T12:48:07Z" name="beforeMethod" finished-at="2021-12-07T12:48:07Z" duration-ms="0" status="PASS">
          <params>
            <param index="0">
              <value>
                <![CDATA[public void testcases.Department.addDepartment()]]>
              </value>
            </param>
          </params>
          <reporter-output>
          </reporter-output>
        </test-method> <!-- beforeMethod -->
        <test-method is-config="true" signature="reportWrapUp(org.testng.ITestResult, java.lang.reflect.Method)[pri:0, instance:testcases.Department@4a668b6e]" started-at="2021-12-07T12:49:07Z" name="reportWrapUp" finished-at="2021-12-07T12:49:07Z" duration-ms="0" status="PASS">
          <params>
            <param index="0">
              <value>
                <![CDATA[[TestResult name=addDepartment status=SUCCESS method=Department.addDepartment()[pri:2, instance:testcases.Department@4a668b6e] output={null}]]]>
              </value>
            </param>
            <param index="1">
              <value>
                <![CDATA[public void testcases.Department.addDepartment()]]>
              </value>
            </param>
          </params>
          <reporter-output>
          </reporter-output>
        </test-method> <!-- reportWrapUp -->
        <test-method is-config="true" signature="beforeMethod(java.lang.reflect.Method)[pri:0, instance:testcases.Department@4a668b6e]" started-at="2021-12-07T12:49:07Z" name="beforeMethod" finished-at="2021-12-07T12:49:07Z" duration-ms="1" status="PASS">
          <params>
            <param index="0">
              <value>
                <![CDATA[public void testcases.Department.editDepartment()]]>
              </value>
            </param>
          </params>
          <reporter-output>
          </reporter-output>
        </test-method> <!-- beforeMethod -->
        <test-method signature="editDepartment()[pri:3, instance:testcases.Department@4a668b6e]" started-at="2021-12-07T12:49:07Z" name="editDepartment" finished-at="2021-12-07T12:49:59Z" depends-on-methods="testcases.Department.addDepartment" duration-ms="51755" status="PASS">
          <reporter-output>
          </reporter-output>
        </test-method> <!-- editDepartment -->
        <test-method is-config="true" signature="reportWrapUp(org.testng.ITestResult, java.lang.reflect.Method)[pri:0, instance:testcases.Department@4a668b6e]" started-at="2021-12-07T12:49:59Z" name="reportWrapUp" finished-at="2021-12-07T12:49:59Z" duration-ms="1" status="PASS">
          <params>
            <param index="0">
              <value>
                <![CDATA[[TestResult name=editDepartment status=SUCCESS method=Department.editDepartment()[pri:3, instance:testcases.Department@4a668b6e] output={null}]]]>
              </value>
            </param>
            <param index="1">
              <value>
                <![CDATA[public void testcases.Department.editDepartment()]]>
              </value>
            </param>
          </params>
          <reporter-output>
          </reporter-output>
        </test-method> <!-- reportWrapUp -->
        <test-method is-config="true" signature="beforeMethod(java.lang.reflect.Method)[pri:0, instance:testcases.Department@4a668b6e]" started-at="2021-12-07T12:49:59Z" name="beforeMethod" finished-at="2021-12-07T12:49:59Z" duration-ms="1" status="PASS">
          <params>
            <param index="0">
              <value>
                <![CDATA[public void testcases.Department.departmentListing()]]>
              </value>
            </param>
          </params>
          <reporter-output>
          </reporter-output>
        </test-method> <!-- beforeMethod -->
        <test-method signature="departmentListing()[pri:4, instance:testcases.Department@4a668b6e]" started-at="2021-12-07T12:49:59Z" name="departmentListing" finished-at="2021-12-07T12:51:10Z" depends-on-methods="testcases.Department.addDepartment" duration-ms="71456" status="PASS">
          <reporter-output>
          </reporter-output>
        </test-method> <!-- departmentListing -->
        <test-method is-config="true" signature="reportWrapUp(org.testng.ITestResult, java.lang.reflect.Method)[pri:0, instance:testcases.Department@4a668b6e]" started-at="2021-12-07T12:51:10Z" name="reportWrapUp" finished-at="2021-12-07T12:51:10Z" duration-ms="0" status="PASS">
          <params>
            <param index="0">
              <value>
                <![CDATA[[TestResult name=departmentListing status=SUCCESS method=Department.departmentListing()[pri:4, instance:testcases.Department@4a668b6e] output={null}]]]>
              </value>
            </param>
            <param index="1">
              <value>
                <![CDATA[public void testcases.Department.departmentListing()]]>
              </value>
            </param>
          </params>
          <reporter-output>
          </reporter-output>
        </test-method> <!-- reportWrapUp -->
        <test-method is-config="true" signature="closeBrowser()[pri:0, instance:testcases.Department@4a668b6e]" started-at="2021-12-07T12:51:10Z" name="closeBrowser" finished-at="2021-12-07T12:51:11Z" duration-ms="731" status="PASS">
          <reporter-output>
          </reporter-output>
        </test-method> <!-- closeBrowser -->
      </class> <!-- testcases.Department -->
      <class name="testcases.Trip">
        <test-method is-config="true" signature="setUp()[pri:0, instance:testcases.Trip@41c2284a]" started-at="2021-12-07T12:25:56Z" name="setUp" finished-at="2021-12-07T12:26:05Z" duration-ms="8419" status="PASS">
          <reporter-output>
          </reporter-output>
        </test-method> <!-- setUp -->
        <test-method is-config="true" signature="beforeMethod(java.lang.reflect.Method)[pri:0, instance:testcases.Trip@41c2284a]" started-at="2021-12-07T12:26:05Z" name="beforeMethod" finished-at="2021-12-07T12:26:05Z" duration-ms="0" status="PASS">
          <params>
            <param index="0">
              <value>
                <![CDATA[public void testcases.Trip.validationCheck()]]>
              </value>
            </param>
          </params>
          <reporter-output>
          </reporter-output>
        </test-method> <!-- beforeMethod -->
        <test-method signature="validationCheck()[pri:1, instance:testcases.Trip@41c2284a]" started-at="2021-12-07T12:26:05Z" name="validationCheck" finished-at="2021-12-07T12:26:40Z" duration-ms="35086" status="PASS">
          <reporter-output>
          </reporter-output>
        </test-method> <!-- validationCheck -->
        <test-method is-config="true" signature="reportWrapUp(org.testng.ITestResult, java.lang.reflect.Method)[pri:0, instance:testcases.Trip@41c2284a]" started-at="2021-12-07T12:26:40Z" name="reportWrapUp" finished-at="2021-12-07T12:26:40Z" duration-ms="0" status="PASS">
          <params>
            <param index="0">
              <value>
                <![CDATA[[TestResult name=validationCheck status=SUCCESS method=Trip.validationCheck()[pri:1, instance:testcases.Trip@41c2284a] output={null}]]]>
              </value>
            </param>
            <param index="1">
              <value>
                <![CDATA[public void testcases.Trip.validationCheck()]]>
              </value>
            </param>
          </params>
          <reporter-output>
          </reporter-output>
        </test-method> <!-- reportWrapUp -->
        <test-method is-config="true" signature="beforeMethod(java.lang.reflect.Method)[pri:0, instance:testcases.Trip@41c2284a]" started-at="2021-12-07T12:26:40Z" name="beforeMethod" finished-at="2021-12-07T12:26:40Z" duration-ms="0" status="PASS">
          <params>
            <param index="0">
              <value>
                <![CDATA[public void testcases.Trip.addTrip()]]>
              </value>
            </param>
          </params>
          <reporter-output>
          </reporter-output>
        </test-method> <!-- beforeMethod -->
        <test-method signature="addTrip()[pri:2, instance:testcases.Trip@41c2284a]" started-at="2021-12-07T12:26:40Z" name="addTrip" finished-at="2021-12-07T12:27:27Z" duration-ms="46845" status="PASS">
          <reporter-output>
          </reporter-output>
        </test-method> <!-- addTrip -->
        <test-method is-config="true" signature="beforeMethod(java.lang.reflect.Method)[pri:0, instance:testcases.Trip@41c2284a]" started-at="2021-12-07T12:27:27Z" name="beforeMethod" finished-at="2021-12-07T12:27:27Z" duration-ms="0" status="PASS">
          <params>
            <param index="0">
              <value>
                <![CDATA[public void testcases.Trip.EditTrip()]]>
              </value>
            </param>
          </params>
          <reporter-output>
          </reporter-output>
        </test-method> <!-- beforeMethod -->
        <test-method is-config="true" signature="reportWrapUp(org.testng.ITestResult, java.lang.reflect.Method)[pri:0, instance:testcases.Trip@41c2284a]" started-at="2021-12-07T12:27:27Z" name="reportWrapUp" finished-at="2021-12-07T12:27:27Z" duration-ms="0" status="PASS">
          <params>
            <param index="0">
              <value>
                <![CDATA[[TestResult name=addTrip status=SUCCESS method=Trip.addTrip()[pri:2, instance:testcases.Trip@41c2284a] output={null}]]]>
              </value>
            </param>
            <param index="1">
              <value>
                <![CDATA[public void testcases.Trip.addTrip()]]>
              </value>
            </param>
          </params>
          <reporter-output>
          </reporter-output>
        </test-method> <!-- reportWrapUp -->
        <test-method signature="EditTrip()[pri:3, instance:testcases.Trip@41c2284a]" started-at="2021-12-07T12:27:27Z" name="EditTrip" finished-at="2021-12-07T12:28:30Z" duration-ms="63526" status="PASS">
          <reporter-output>
          </reporter-output>
        </test-method> <!-- EditTrip -->
        <test-method is-config="true" signature="beforeMethod(java.lang.reflect.Method)[pri:0, instance:testcases.Trip@41c2284a]" started-at="2021-12-07T12:28:30Z" name="beforeMethod" finished-at="2021-12-07T12:28:30Z" duration-ms="1" status="PASS">
          <params>
            <param index="0">
              <value>
                <![CDATA[public void testcases.Trip.TripListing()]]>
              </value>
            </param>
          </params>
          <reporter-output>
          </reporter-output>
        </test-method> <!-- beforeMethod -->
        <test-method is-config="true" signature="reportWrapUp(org.testng.ITestResult, java.lang.reflect.Method)[pri:0, instance:testcases.Trip@41c2284a]" started-at="2021-12-07T12:28:30Z" name="reportWrapUp" finished-at="2021-12-07T12:28:30Z" duration-ms="0" status="PASS">
          <params>
            <param index="0">
              <value>
                <![CDATA[[TestResult name=EditTrip status=SUCCESS method=Trip.EditTrip()[pri:3, instance:testcases.Trip@41c2284a] output={null}]]]>
              </value>
            </param>
            <param index="1">
              <value>
                <![CDATA[public void testcases.Trip.EditTrip()]]>
              </value>
            </param>
          </params>
          <reporter-output>
          </reporter-output>
        </test-method> <!-- reportWrapUp -->
        <test-method signature="TripListing()[pri:4, instance:testcases.Trip@41c2284a]" started-at="2021-12-07T12:28:30Z" name="TripListing" finished-at="2021-12-07T12:29:42Z" duration-ms="71564" status="PASS">
          <reporter-output>
          </reporter-output>
        </test-method> <!-- TripListing -->
        <test-method is-config="true" signature="reportWrapUp(org.testng.ITestResult, java.lang.reflect.Method)[pri:0, instance:testcases.Trip@41c2284a]" started-at="2021-12-07T12:29:42Z" name="reportWrapUp" finished-at="2021-12-07T12:29:42Z" duration-ms="0" status="PASS">
          <params>
            <param index="0">
              <value>
                <![CDATA[[TestResult name=TripListing status=SUCCESS method=Trip.TripListing()[pri:4, instance:testcases.Trip@41c2284a] output={null}]]]>
              </value>
            </param>
            <param index="1">
              <value>
                <![CDATA[public void testcases.Trip.TripListing()]]>
              </value>
            </param>
          </params>
          <reporter-output>
          </reporter-output>
        </test-method> <!-- reportWrapUp -->
        <test-method is-config="true" signature="closeBrowser()[pri:0, instance:testcases.Trip@41c2284a]" started-at="2021-12-07T12:29:42Z" name="closeBrowser" finished-at="2021-12-07T12:29:42Z" duration-ms="717" status="PASS">
          <reporter-output>
          </reporter-output>
        </test-method> <!-- closeBrowser -->
      </class> <!-- testcases.Trip -->
    </test> <!-- TestName -->
  </suite> <!-- Suite -->
</testng-results>
